[16:41:54.465] Log Level: 2
[16:41:54.626] SSH Resolver called for "ssh-remote+infinityfree", attempt 1
[16:41:54.628] "remote.SSH.useLocalServer": false
[16:41:54.628] "remote.SSH.useExecServer": false
[16:41:54.629] "remote.SSH.showLoginTerminal": false
[16:41:54.636] "remote.SSH.remotePlatform": {}
[16:41:54.636] "remote.SSH.path": undefined
[16:41:54.637] "remote.SSH.configFile": undefined
[16:41:54.637] "remote.SSH.useFlock": true
[16:41:54.637] "remote.SSH.lockfilesInTmp": false
[16:41:54.638] "remote.SSH.localServerDownload": auto
[16:41:54.638] "remote.SSH.remoteServerListenOnSocket": false
[16:41:54.639] "remote.SSH.showLoginTerminal": false
[16:41:54.639] "remote.SSH.defaultExtensions": []
[16:41:54.640] "remote.SSH.loglevel": 2
[16:41:54.641] "remote.SSH.enableDynamicForwarding": true
[16:41:54.641] "remote.SSH.enableRemoteCommand": false
[16:41:54.642] "remote.SSH.serverPickPortsFromRange": {}
[16:41:54.643] "remote.SSH.serverInstallPath": {}
[16:41:54.659] VS Code version: 1.83.1
[16:41:54.659] Remote-SSH version: remote-ssh@0.106.5
[16:41:54.660] win32 x64
[16:41:54.666] SSH Resolver called for host: infinityfree
[16:41:54.666] Setting up SSH remote "infinityfree"
[16:41:54.681] Using commit id "f1b07bd25dfad64b0167beb15359ae573aecd2cc" and quality "stable" for server
[16:41:54.693] Install and start server if needed
[16:42:02.924] Checking ssh with "C:\Program Files\Microsoft\jdk-11.0.12.7-hotspot\bin\ssh.exe -V"
[16:42:02.936] Got error from ssh: spawn C:\Program Files\Microsoft\jdk-11.0.12.7-hotspot\bin\ssh.exe ENOENT
[16:42:02.937] Checking ssh with "C:\Program Files\Common Files\Oracle\Java\javapath\ssh.exe -V"
[16:42:02.943] Got error from ssh: spawn C:\Program Files\Common Files\Oracle\Java\javapath\ssh.exe ENOENT
[16:42:02.943] Checking ssh with "C:\Program Files (x86)\Common Files\Oracle\Java\javapath\ssh.exe -V"
[16:42:02.947] Got error from ssh: spawn C:\Program Files (x86)\Common Files\Oracle\Java\javapath\ssh.exe ENOENT
[16:42:02.948] Checking ssh with "C:\ProgramData\Oracle\Java\javapath\ssh.exe -V"
[16:42:02.952] Got error from ssh: spawn C:\ProgramData\Oracle\Java\javapath\ssh.exe ENOENT
[16:42:02.952] Checking ssh with "C:\Windows\system32\ssh.exe -V"
[16:42:02.958] Got error from ssh: spawn C:\Windows\system32\ssh.exe ENOENT
[16:42:02.959] Checking ssh with "C:\Windows\ssh.exe -V"
[16:42:02.962] Got error from ssh: spawn C:\Windows\ssh.exe ENOENT
[16:42:02.963] Checking ssh with "C:\Windows\System32\Wbem\ssh.exe -V"
[16:42:02.966] Got error from ssh: spawn C:\Windows\System32\Wbem\ssh.exe ENOENT
[16:42:02.967] Checking ssh with "C:\Windows\System32\WindowsPowerShell\v1.0\ssh.exe -V"
[16:42:02.970] Got error from ssh: spawn C:\Windows\System32\WindowsPowerShell\v1.0\ssh.exe ENOENT
[16:42:02.971] Checking ssh with "C:\Windows\System32\OpenSSH\ssh.exe -V"
[16:42:03.317] > OpenSSH_for_Windows_8.1p1, LibreSSL 3.0.2

[16:42:03.329] Remote command length: 6276/8192 characters
[16:42:03.330] Running script with connection command: "C:\Windows\System32\OpenSSH\ssh.exe" -T -D 60799 infinityfree powershell
[16:42:03.341] Terminal shell path: C:\Windows\System32\cmd.exe
[16:42:03.916] > ]0;C:\Windows\System32\cmd.exe
[16:42:03.918] Got some output, clearing connection timeout
[16:42:03.944] > Bad owner or permissions on C:\\Users\\USER/.ssh/config
> The process tried to write to a nonexistent pipe.
>     
[16:42:05.252] "install" terminal command done
[16:42:05.253] Install terminal quit with output:     
[16:42:05.254] Received install output:     
[16:42:05.260] Resolver error: Error: 
	at g.Create (c:\Users\USER\.vscode\extensions\ms-vscode-remote.remote-ssh-0.106.5\out\extension.js:2:640937)
	at c:\Users\USER\.vscode\extensions\ms-vscode-remote.remote-ssh-0.106.5\out\extension.js:2:637411
	at t.handleInstallOutput (c:\Users\USER\.vscode\extensions\ms-vscode-remote.remote-ssh-0.106.5\out\extension.js:2:638225)
	at t.tryInstall (c:\Users\USER\.vscode\extensions\ms-vscode-remote.remote-ssh-0.106.5\out\extension.js:2:760218)
	at async c:\Users\USER\.vscode\extensions\ms-vscode-remote.remote-ssh-0.106.5\out\extension.js:2:720757
	at async t.withShowDetailsEvent (c:\Users\USER\.vscode\extensions\ms-vscode-remote.remote-ssh-0.106.5\out\extension.js:2:724063)
	at async I (c:\Users\USER\.vscode\extensions\ms-vscode-remote.remote-ssh-0.106.5\out\extension.js:2:717728)
	at async t.resolve (c:\Users\USER\.vscode\extensions\ms-vscode-remote.remote-ssh-0.106.5\out\extension.js:2:721434)
	at async c:\Users\USER\.vscode\extensions\ms-vscode-remote.remote-ssh-0.106.5\out\extension.js:2:905238
[16:42:05.284] ------




